#
# There is insufficient memory for the Java Runtime Environment to continue.
# Native memory allocation (malloc) failed to allocate 1736656 bytes for Chunk::new
# Possible reasons:
#   The system is out of physical RAM or swap space
#   The process is running with CompressedOops enabled, and the Java Heap may be blocking the growth of the native heap
# Possible solutions:
#   Reduce memory load on the system
#   Increase physical memory or swap space
#   Check if swap backing store is full
#   Decrease Java heap size (-Xmx/-Xms)
#   Decrease number of Java threads
#   Decrease Java thread stack sizes (-Xss)
#   Set larger code cache with -XX:ReservedCodeCacheSize=
#   JVM is running with Unscaled Compressed Oops mode in which the Java heap is
#     placed in the first 4GB address space. The Java Heap base address is the
#     maximum limit for the native heap growth. Please use -XX:HeapBaseMinAddress
#     to set the Java Heap base and to place the Java Heap above 4GB virtual address.
# This output file may be truncated or incomplete.
#
#  Out of Memory Error (allocation.cpp:389), pid=18716, tid=0x0000000000000e10
#
# JRE version: OpenJDK Runtime Environment (8.0_242-b01) (build 1.8.0_242-release-1644-b01)
# Java VM: OpenJDK 64-Bit Server VM (25.242-b01 mixed mode windows-amd64 compressed oops)
# Failed to write core dump. Minidumps are not enabled by default on client versions of Windows
#

---------------  T H R E A D  ---------------

Current thread (0x00000000199e3000):  JavaThread "C2 CompilerThread0" daemon [_thread_in_native, id=3600, stack(0x000000001a2c0000,0x000000001a3c0000)]

Stack: [0x000000001a2c0000,0x000000001a3c0000]
[error occurred during error reporting (printing stack bounds), id 0xc0000005]

Native frames: (J=compiled Java code, j=interpreted, Vv=VM code, C=native code)


Current CompileTask:
C2:1223697 25160 %     4       com.android.tools.r8.ir.regalloc.a::a @ 2154 (3992 bytes)


---------------  P R O C E S S  ---------------

Java Threads: ( => current thread )
  0x0000000031d32000 JavaThread "stdout" [_thread_in_native, id=11436, stack(0x0000000036600000,0x0000000036700000)]
  0x0000000031d39000 JavaThread "stderr" [_thread_in_native, id=8524, stack(0x0000000036500000,0x0000000036600000)]
  0x0000000031d38000 JavaThread "stdout" [_thread_in_native, id=9416, stack(0x0000000036400000,0x0000000036500000)]
  0x0000000031d30800 JavaThread "stderr" [_thread_in_native, id=20444, stack(0x0000000036300000,0x0000000036400000)]
  0x0000000031d37800 JavaThread "stdout" [_thread_in_native, id=11768, stack(0x0000000036200000,0x0000000036300000)]
  0x0000000031d2f800 JavaThread "stderr" [_thread_in_native, id=16544, stack(0x0000000036100000,0x0000000036200000)]
  0x0000000031d36800 JavaThread "stdout" [_thread_in_native, id=19924, stack(0x0000000036000000,0x0000000036100000)]
  0x0000000031d2f000 JavaThread "stderr" [_thread_in_native, id=14904, stack(0x0000000035f00000,0x0000000036000000)]
  0x0000000031d36000 JavaThread "stdout" [_thread_in_native, id=1000, stack(0x0000000035e00000,0x0000000035f00000)]
  0x0000000031d35000 JavaThread "stderr" [_thread_in_native, id=5872, stack(0x0000000035d00000,0x0000000035e00000)]
  0x0000000031d2e000 JavaThread "stdout" [_thread_in_native, id=11512, stack(0x0000000035c00000,0x0000000035d00000)]
  0x0000000031d34000 JavaThread "stderr" [_thread_in_native, id=19160, stack(0x0000000035b00000,0x0000000035c00000)]
  0x0000000031d32800 JavaThread "stdout" [_thread_in_native, id=788, stack(0x0000000035a00000,0x0000000035b00000)]
  0x0000000031d33800 JavaThread "stderr" [_thread_in_native, id=12580, stack(0x0000000035900000,0x0000000035a00000)]
  0x0000000031d31000 JavaThread "WorkerExecutor Queue Thread 8" [_thread_blocked, id=3604, stack(0x00000000356a0000,0x00000000357a0000)]
  0x000000002f115800 JavaThread "pool-10-thread-1" [_thread_blocked, id=9484, stack(0x00000000355a0000,0x00000000356a0000)]
  0x000000002f117000 JavaThread "WorkerExecutor Queue Thread 7" [_thread_blocked, id=18764, stack(0x00000000354a0000,0x00000000355a0000)]
  0x000000002f116800 JavaThread "WorkerExecutor Queue Thread 6" [_thread_blocked, id=12988, stack(0x00000000353a0000,0x00000000354a0000)]
  0x000000002f114000 JavaThread "WorkerExecutor Queue Thread 5" [_thread_blocked, id=18004, stack(0x0000000035090000,0x0000000035190000)]
  0x000000002f115000 JavaThread "WorkerExecutor Queue Thread 4" [_thread_blocked, id=16220, stack(0x0000000034d20000,0x0000000034e20000)]
  0x000000002f113800 JavaThread "WorkerExecutor Queue Thread 3" [_thread_blocked, id=8752, stack(0x00000000352a0000,0x00000000353a0000)]
  0x000000002f10c000 JavaThread "WorkerExecutor Queue Thread 2" [_thread_blocked, id=17460, stack(0x00000000351a0000,0x00000000352a0000)]
  0x000000002f109800 JavaThread "WorkerExecutor Queue" [_thread_blocked, id=6176, stack(0x00000000349d0000,0x0000000034ad0000)]
  0x000000002f10a800 JavaThread "Cache worker for execution history cache (C:\workspace\ShopAssistant\.gradle\6.5\executionHistory)" [_thread_blocked, id=1280, stack(0x00000000348d0000,0x00000000349d0000)]
  0x000000002f110800 JavaThread "Execution worker for ':' Thread 7" [_thread_blocked, id=5760, stack(0x00000000347d0000,0x00000000348d0000)]
  0x000000002f10f800 JavaThread "Execution worker for ':' Thread 6" [_thread_blocked, id=6912, stack(0x00000000346d0000,0x00000000347d0000)]
  0x000000002f10e000 JavaThread "Execution worker for ':' Thread 5" [_thread_blocked, id=19120, stack(0x00000000345d0000,0x00000000346d0000)]
  0x000000002f10d800 JavaThread "Execution worker for ':' Thread 4" [_thread_blocked, id=16224, stack(0x00000000340c0000,0x00000000341c0000)]
  0x000000002f109000 JavaThread "Execution worker for ':' Thread 3" [_thread_blocked, id=12208, stack(0x0000000033d50000,0x0000000033e50000)]
  0x000000002f10c800 JavaThread "Execution worker for ':' Thread 2" [_thread_blocked, id=14884, stack(0x0000000033c50000,0x0000000033d50000)]
  0x000000002f108000 JavaThread "Execution worker for ':'" [_thread_blocked, id=19508, stack(0x0000000033b50000,0x0000000033c50000)]
  0x000000002f10b000 JavaThread "Cache worker for file content cache (C:\workspace\ShopAssistant\.gradle\6.5\fileContent)" [_thread_blocked, id=13316, stack(0x0000000033810000,0x0000000033910000)]
  0x000000002f10f000 JavaThread "Cache worker for Build Output Cleanup Cache (C:\workspace\ShopAssistant\.gradle\buildOutputCleanup)" [_thread_blocked, id=17560, stack(0x0000000033710000,0x0000000033810000)]
  0x000000002d197000 JavaThread "jar transforms Thread 462" [_thread_blocked, id=12848, stack(0x0000000033610000,0x0000000033710000)]
  0x000000002d196800 JavaThread "jar transforms Thread 461" [_thread_blocked, id=824, stack(0x0000000030530000,0x0000000030630000)]
  0x000000002d19a000 JavaThread "jar transforms Thread 460" [_thread_blocked, id=13068, stack(0x000000002dd90000,0x000000002de90000)]
  0x000000002d198000 JavaThread "jar transforms Thread 459" [_thread_blocked, id=13080, stack(0x000000002dc90000,0x000000002dd90000)]
  0x000000002d195800 JavaThread "jar transforms Thread 458" [_thread_blocked, id=16808, stack(0x000000002b290000,0x000000002b390000)]
  0x000000002d199800 JavaThread "jar transforms Thread 457" [_thread_blocked, id=16604, stack(0x000000002b190000,0x000000002b290000)]
  0x000000002d198800 JavaThread "jar transforms Thread 456" [_thread_blocked, id=15800, stack(0x000000002b090000,0x000000002b190000)]
  0x000000002d19c000 JavaThread "jar transforms Thread 455" [_thread_blocked, id=14592, stack(0x000000002af90000,0x000000002b090000)]
  0x000000002d195000 JavaThread "jar transforms Thread 454" [_thread_blocked, id=7604, stack(0x000000002ae90000,0x000000002af90000)]
  0x000000002d19b000 JavaThread "jar transforms Thread 453" [_thread_blocked, id=18720, stack(0x000000002ad90000,0x000000002ae90000)]
  0x000000002d18e000 JavaThread "jar transforms Thread 452" [_thread_blocked, id=11484, stack(0x000000002ac90000,0x000000002ad90000)]
  0x000000002d194000 JavaThread "jar transforms Thread 451" [_thread_blocked, id=1488, stack(0x000000002ab90000,0x000000002ac90000)]
  0x000000002d18c800 JavaThread "jar transforms Thread 450" [_thread_blocked, id=17988, stack(0x000000002aa90000,0x000000002ab90000)]
  0x000000002d193800 JavaThread "jar transforms Thread 449" [_thread_blocked, id=18440, stack(0x000000002a990000,0x000000002aa90000)]
  0x000000002d192000 JavaThread "jar transforms Thread 448" [_thread_blocked, id=14152, stack(0x000000002a890000,0x000000002a990000)]
  0x000000002d192800 JavaThread "jar transforms Thread 447" [_thread_blocked, id=20412, stack(0x000000002a790000,0x000000002a890000)]
  0x000000002d18f800 JavaThread "jar transforms Thread 446" [_thread_blocked, id=15736, stack(0x000000002a690000,0x000000002a790000)]
  0x000000002d190800 JavaThread "jar transforms Thread 445" [_thread_blocked, id=7164, stack(0x000000002a590000,0x000000002a690000)]
  0x000000002d191000 JavaThread "jar transforms Thread 444" [_thread_blocked, id=15676, stack(0x000000002a490000,0x000000002a590000)]
  0x000000002d18f000 JavaThread "jar transforms Thread 443" [_thread_blocked, id=19568, stack(0x000000002a390000,0x000000002a490000)]
  0x000000002d18d800 JavaThread "jar transforms Thread 442" [_thread_blocked, id=13720, stack(0x000000002a290000,0x000000002a390000)]
  0x000000001f086800 JavaThread "jar transforms Thread 441" [_thread_blocked, id=15004, stack(0x000000002a190000,0x000000002a290000)]
  0x000000001f086000 JavaThread "jar transforms Thread 440" [_thread_blocked, id=9088, stack(0x0000000029f90000,0x000000002a090000)]
  0x000000001f084800 JavaThread "jar transforms Thread 439" [_thread_blocked, id=16508, stack(0x0000000029e90000,0x0000000029f90000)]
  0x000000001f087800 JavaThread "jar transforms Thread 438" [_thread_blocked, id=11628, stack(0x0000000029d90000,0x0000000029e90000)]
  0x000000001f085000 JavaThread "jar transforms Thread 437" [_thread_blocked, id=6388, stack(0x0000000029c90000,0x0000000029d90000)]
  0x000000001f083800 JavaThread "jar transforms Thread 436" [_thread_blocked, id=14968, stack(0x0000000029b90000,0x0000000029c90000)]
  0x000000001f083000 JavaThread "jar transforms Thread 435" [_thread_blocked, id=14080, stack(0x0000000029a90000,0x0000000029b90000)]
  0x000000001f082000 JavaThread "jar transforms Thread 434" [_thread_blocked, id=14296, stack(0x0000000029990000,0x0000000029a90000)]
  0x000000001f07b800 JavaThread "jar transforms Thread 433" [_thread_blocked, id=1256, stack(0x0000000029890000,0x0000000029990000)]
  0x000000001f07a800 JavaThread "jar transforms Thread 432" [_thread_blocked, id=15560, stack(0x0000000029790000,0x0000000029890000)]
  0x000000001f081800 JavaThread "jar transforms Thread 431" [_thread_blocked, id=20176, stack(0x0000000029690000,0x0000000029790000)]
  0x000000001f07d800 JavaThread "jar transforms Thread 430" [_thread_blocked, id=15380, stack(0x0000000029590000,0x0000000029690000)]
  0x000000001f080800 JavaThread "jar transforms Thread 429" [_thread_blocked, id=816, stack(0x0000000029490000,0x0000000029590000)]
  0x000000001f07a000 JavaThread "jar transforms Thread 428" [_thread_blocked, id=13620, stack(0x0000000029390000,0x0000000029490000)]
  0x000000001f079000 JavaThread "jar transforms Thread 427" [_thread_blocked, id=10720, stack(0x0000000029290000,0x0000000029390000)]
  0x000000001f07d000 JavaThread "jar transforms Thread 426" [_thread_blocked, id=8152, stack(0x0000000029190000,0x0000000029290000)]
  0x000000001f07e800 JavaThread "jar transforms Thread 425" [_thread_blocked, id=11616, stack(0x0000000029090000,0x0000000029190000)]
  0x000000001f080000 JavaThread "jar transforms Thread 424" [_thread_blocked, id=11004, stack(0x0000000028f90000,0x0000000029090000)]
  0x000000001f07c000 JavaThread "jar transforms Thread 423" [_thread_blocked, id=15700, stack(0x0000000028e90000,0x0000000028f90000)]
  0x000000001f078000 JavaThread "jar transforms Thread 422" [_thread_blocked, id=19432, stack(0x0000000028d90000,0x0000000028e90000)]
  0x000000001f07f000 JavaThread "jar transforms Thread 421" [_thread_blocked, id=19988, stack(0x0000000028c90000,0x0000000028d90000)]
  0x000000002c618000 JavaThread "jar transforms Thread 420" [_thread_blocked, id=13544, stack(0x0000000028b90000,0x0000000028c90000)]
  0x000000002c617800 JavaThread "jar transforms Thread 419" [_thread_blocked, id=19968, stack(0x0000000028a90000,0x0000000028b90000)]
  0x000000002c616800 JavaThread "jar transforms Thread 418" [_thread_blocked, id=1040, stack(0x0000000028990000,0x0000000028a90000)]
  0x000000002c616000 JavaThread "jar transforms Thread 417" [_thread_blocked, id=9164, stack(0x0000000028890000,0x0000000028990000)]
  0x000000002c615000 JavaThread "jar transforms Thread 416" [_thread_blocked, id=5480, stack(0x0000000028790000,0x0000000028890000)]
  0x000000002c613800 JavaThread "jar transforms Thread 415" [_thread_blocked, id=10340, stack(0x0000000028690000,0x0000000028790000)]
  0x000000002c614800 JavaThread "jar transforms Thread 414" [_thread_blocked, id=4988, stack(0x0000000028590000,0x0000000028690000)]
  0x000000002c60c000 JavaThread "jar transforms Thread 413" [_thread_blocked, id=18264, stack(0x0000000028490000,0x0000000028590000)]
  0x000000002c613000 JavaThread "jar transforms Thread 412" [_thread_blocked, id=10348, stack(0x0000000028390000,0x0000000028490000)]
  0x000000002c60b800 JavaThread "jar transforms Thread 411" [_thread_blocked, id=7176, stack(0x0000000028290000,0x0000000028390000)]
  0x000000002c612000 JavaThread "jar transforms Thread 410" [_thread_blocked, id=13324, stack(0x0000000028190000,0x0000000028290000)]
  0x000000002c611800 JavaThread "jar transforms Thread 409" [_thread_blocked, id=19112, stack(0x0000000028090000,0x0000000028190000)]
  0x000000002c60d800 JavaThread "jar transforms Thread 408" [_thread_blocked, id=17496, stack(0x0000000027f90000,0x0000000028090000)]
  0x000000002c610800 JavaThread "jar transforms Thread 407" [_thread_blocked, id=12272, stack(0x0000000027e90000,0x0000000027f90000)]
  0x000000002c60a800 JavaThread "jar transforms Thread 406" [_thread_blocked, id=20104, stack(0x0000000027d90000,0x0000000027e90000)]
  0x000000002c610000 JavaThread "jar transforms Thread 405" [_thread_blocked, id=16252, stack(0x0000000027c90000,0x0000000027d90000)]
  0x000000002c60a000 JavaThread "jar transforms Thread 404" [_thread_blocked, id=12712, stack(0x0000000027b90000,0x0000000027c90000)]
  0x000000002c60e800 JavaThread "jar transforms Thread 403" [_thread_blocked, id=19012, stack(0x0000000027a90000,0x0000000027b90000)]
  0x000000002c609000 JavaThread "jar transforms Thread 402" [_thread_blocked, id=16188, stack(0x0000000027990000,0x0000000027a90000)]
  0x000000002c60f000 JavaThread "jar transforms Thread 401" [_thread_blocked, id=6376, stack(0x0000000027890000,0x0000000027990000)]
  0x000000002c60d000 JavaThread "jar transforms Thread 400" [_thread_blocked, id=18036, stack(0x0000000027790000,0x0000000027890000)]
  0x000000001c435800 JavaThread "jar transforms Thread 399" [_thread_blocked, id=2484, stack(0x0000000027690000,0x0000000027790000)]
  0x000000001c437800 JavaThread "jar transforms Thread 398" [_thread_blocked, id=17248, stack(0x0000000027590000,0x0000000027690000)]
  0x000000001c433000 JavaThread "jar transforms Thread 397" [_thread_blocked, id=6256, stack(0x0000000027490000,0x0000000027590000)]
  0x000000001c437000 JavaThread "jar transforms Thread 396" [_thread_blocked, id=12648, stack(0x0000000027390000,0x0000000027490000)]
  0x000000001c434800 JavaThread "jar transforms Thread 395" [_thread_blocked, id=14300, stack(0x0000000027290000,0x0000000027390000)]
  0x000000001c436000 JavaThread "jar transforms Thread 394" [_thread_blocked, id=10432, stack(0x0000000027190000,0x0000000027290000)]
  0x000000001c432800 JavaThread "jar transforms Thread 393" [_thread_blocked, id=18816, stack(0x0000000027090000,0x0000000027190000)]
  0x000000001c431000 JavaThread "jar transforms Thread 392" [_thread_blocked, id=19372, stack(0x0000000026f90000,0x0000000027090000)]
  0x00000000225aa800 JavaThread "jar transforms Thread 391" [_thread_blocked, id=17068, stack(0x0000000026e90000,0x0000000026f90000)]
  0x00000000225a7800 JavaThread "jar transforms Thread 390" [_thread_blocked, id=16840, stack(0x0000000026d90000,0x0000000026e90000)]
  0x00000000225ab000 JavaThread "jar transforms Thread 389" [_thread_blocked, id=11964, stack(0x0000000026c90000,0x0000000026d90000)]
  0x00000000225ac800 JavaThread "jar transforms Thread 388" [_thread_blocked, id=6488, stack(0x0000000026b90000,0x0000000026c90000)]
  0x00000000225a9800 JavaThread "jar transforms Thread 387" [_thread_blocked, id=18968, stack(0x0000000026a90000,0x0000000026b90000)]
  0x00000000225ac000 JavaThread "jar transforms Thread 386" [_thread_blocked, id=7468, stack(0x0000000026990000,0x0000000026a90000)]
  0x00000000225a9000 JavaThread "jar transforms Thread 385" [_thread_blocked, id=11688, stack(0x0000000026890000,0x0000000026990000)]
  0x00000000225a8000 JavaThread "jar transforms Thread 384" [_thread_blocked, id=11584, stack(0x0000000026790000,0x0000000026890000)]
  0x00000000225a0000 JavaThread "jar transforms Thread 383" [_thread_blocked, id=14476, stack(0x0000000026690000,0x0000000026790000)]
  0x00000000225a6800 JavaThread "jar transforms Thread 382" [_thread_blocked, id=2340, stack(0x0000000026590000,0x0000000026690000)]
  0x000000002259f000 JavaThread "jar transforms Thread 381" [_thread_blocked, id=19468, stack(0x0000000026490000,0x0000000026590000)]
  0x00000000225a6000 JavaThread "jar transforms Thread 380" [_thread_blocked, id=12104, stack(0x0000000026390000,0x0000000026490000)]
  0x00000000225a5000 JavaThread "jar transforms Thread 379" [_thread_blocked, id=3444, stack(0x0000000026290000,0x0000000026390000)]
  0x000000001c556000 JavaThread "jar transforms Thread 378" [_thread_blocked, id=20360, stack(0x0000000026190000,0x0000000026290000)]
  0x000000001c54e800 JavaThread "jar transforms Thread 377" [_thread_blocked, id=19452, stack(0x0000000026090000,0x0000000026190000)]
  0x000000001c551000 JavaThread "jar transforms Thread 376" [_thread_blocked, id=18896, stack(0x0000000025f90000,0x0000000026090000)]
  0x000000001c553000 JavaThread "jar transforms Thread 375" [_thread_blocked, id=17680, stack(0x0000000025e90000,0x0000000025f90000)]
  0x000000001c54b800 JavaThread "jar transforms Thread 374" [_thread_blocked, id=16612, stack(0x0000000025d90000,0x0000000025e90000)]
  0x000000001c550000 JavaThread "jar transforms Thread 373" [_thread_blocked, id=15012, stack(0x0000000025c90000,0x0000000025d90000)]
  0x000000001c552800 JavaThread "jar transforms Thread 372" [_thread_blocked, id=11712, stack(0x0000000025b90000,0x0000000025c90000)]
  0x000000001c551800 JavaThread "jar transforms Thread 371" [_thread_blocked, id=20468, stack(0x0000000025a90000,0x0000000025b90000)]
  0x000000001c54c800 JavaThread "jar transforms Thread 370" [_thread_blocked, id=1548, stack(0x0000000025990000,0x0000000025a90000)]
  0x000000001c549800 JavaThread "jar transforms Thread 369" [_thread_blocked, id=4704, stack(0x0000000025890000,0x0000000025990000)]
  0x000000001c54e000 JavaThread "jar transforms Thread 368" [_thread_blocked, id=11732, stack(0x0000000025790000,0x0000000025890000)]
  0x000000001c54a000 JavaThread "jar transforms Thread 367" [_thread_blocked, id=14276, stack(0x0000000025690000,0x0000000025790000)]
  0x000000001c548800 JavaThread "jar transforms Thread 366" [_thread_blocked, id=2176, stack(0x0000000025590000,0x0000000025690000)]
  0x000000001c54b000 JavaThread "jar transforms Thread 365" [_thread_blocked, id=13516, stack(0x0000000025490000,0x0000000025590000)]
  0x000000001c54d000 JavaThread "jar transforms Thread 364" [_thread_blocked, id=16040, stack(0x0000000025190000,0x0000000025290000)]
  0x000000002e1ff800 JavaThread "jar transforms Thread 363" [_thread_blocked, id=10828, stack(0x0000000025090000,0x0000000025190000)]
  0x000000002e203800 JavaThread "jar transforms Thread 362" [_thread_blocked, id=16512, stack(0x0000000024f90000,0x0000000025090000)]
  0x000000002e202800 JavaThread "jar transforms Thread 361" [_thread_blocked, id=7476, stack(0x0000000024e90000,0x0000000024f90000)]
  0x000000002e204000 JavaThread "jar transforms Thread 360" [_thread_blocked, id=18864, stack(0x0000000024d90000,0x0000000024e90000)]
  0x000000002e201000 JavaThread "jar transforms Thread 359" [_thread_blocked, id=1300, stack(0x0000000024c90000,0x0000000024d90000)]
  0x000000002e1ff000 JavaThread "jar transforms Thread 358" [_thread_blocked, id=11760, stack(0x0000000024b90000,0x0000000024c90000)]
  0x000000002e200800 JavaThread "jar transforms Thread 357" [_thread_blocked, id=10704, stack(0x0000000024a90000,0x0000000024b90000)]
  0x000000002e1fe000 JavaThread "jar transforms Thread 356" [_thread_blocked, id=16028, stack(0x0000000022130000,0x0000000022230000)]
  0x000000002e202000 JavaThread "jar transforms Thread 355" [_thread_blocked, id=19744, stack(0x0000000021830000,0x0000000021930000)]
  0x000000002e1f6800 JavaThread "jar transforms Thread 354" [_thread_blocked, id=1132, stack(0x0000000021730000,0x0000000021830000)]
  0x000000002e1fd800 JavaThread "jar transforms Thread 353" [_thread_blocked, id=17848, stack(0x0000000021630000,0x0000000021730000)]
  0x000000002e1f6000 JavaThread "jar transforms Thread 352" [_thread_blocked, id=17956, stack(0x0000000021330000,0x0000000021430000)]
  0x000000002e1fc800 JavaThread "jar transforms Thread 351" [_thread_blocked, id=19240, stack(0x0000000021230000,0x0000000021330000)]
  0x000000002e1fc000 JavaThread "jar transforms Thread 350" [_thread_blocked, id=19820, stack(0x0000000020f30000,0x0000000021030000)]
  0x000000002e1f7800 JavaThread "jar transforms Thread 349" [_thread_blocked, id=2872, stack(0x0000000020e30000,0x0000000020f30000)]
  0x000000002e1fb000 JavaThread "jar transforms Thread 348" [_thread_blocked, id=13460, stack(0x0000000020d30000,0x0000000020e30000)]
  0x000000002e1fa800 JavaThread "jar transforms Thread 347" [_thread_blocked, id=12160, stack(0x0000000020c30000,0x0000000020d30000)]
  0x000000002e1f9800 JavaThread "Build operations Thread 8" [_thread_in_Java, id=7440, stack(0x0000000020b30000,0x0000000020c30000)]
  0x000000001b2b9000 JavaThread "Build operations Thread 7" [_thread_in_vm_trans, id=19708, stack(0x0000000020a30000,0x0000000020b30000)]
  0x000000001b2b8000 JavaThread "Build operations Thread 6" [_thread_in_Java, id=14572, stack(0x0000000020930000,0x0000000020a30000)]
  0x000000001b2b7800 JavaThread "Build operations Thread 5" [_thread_in_Java, id=1216, stack(0x0000000020830000,0x0000000020930000)]
  0x000000001b2b6000 JavaThread "Build operations Thread 4" [_thread_blocked, id=17128, stack(0x0000000020730000,0x0000000020830000)]
  0x000000001b2b5000 JavaThread "Build operations Thread 3" [_thread_blocked, id=19528, stack(0x0000000020630000,0x0000000020730000)]
  0x000000001b2ad800 JavaThread "Build operations Thread 2" [_thread_blocked, id=3924, stack(0x0000000020530000,0x0000000020630000)]
  0x000000001b2b4800 JavaThread "Build operations" [_thread_blocked, id=9420, stack(0x0000000020430000,0x0000000020530000)]
  0x000000001b2b3000 JavaThread "Cache worker for cache directory md-rule (C:\Users\HP\.gradle\caches\6.5\md-rule)" [_thread_blocked, id=18044, stack(0x0000000020330000,0x0000000020430000)]
  0x000000001b2ae000 JavaThread "Cache worker for cache directory md-supplier (C:\Users\HP\.gradle\caches\6.5\md-supplier)" [_thread_blocked, id=13536, stack(0x0000000020230000,0x0000000020330000)]
  0x000000001b2b3800 JavaThread "Cache worker for checksums cache (C:\workspace\ShopAssistant\.gradle\checksums)" [_thread_blocked, id=4324, stack(0x0000000020130000,0x0000000020230000)]
  0x000000001b2ab000 JavaThread "Cache worker for file hash cache (C:\workspace\ShopAssistant\.gradle\6.5\fileHashes)" [_thread_blocked, id=10684, stack(0x0000000020030000,0x0000000020130000)]
  0x000000001b2b2000 JavaThread "Thread-467" [_thread_blocked, id=8532, stack(0x000000001fcd0000,0x000000001fdd0000)]
  0x000000001b2aa800 JavaThread "Stdin handler" [_thread_blocked, id=8000, stack(0x000000001e500000,0x000000001e600000)]
  0x000000001b2ac800 JavaThread "Asynchronous log dispatcher for DefaultDaemonConnection: socket connection from /127.0.0.1:59692 to /127.0.0.1:60089" [_thread_blocked, id=14616, stack(0x000000001e200000,0x000000001e300000)]
  0x000000001b2b1000 JavaThread "Daemon worker Thread 4" [_thread_blocked, id=20292, stack(0x000000001de00000,0x000000001df00000)]
  0x000000001b2a9800 JavaThread "Cancel handler" [_thread_blocked, id=15372, stack(0x0000000000f80000,0x0000000001080000)]
  0x000000001b2af800 JavaThread "Handler for socket connection from /127.0.0.1:59692 to /127.0.0.1:60089" [_thread_in_native, id=18312, stack(0x0000000000e80000,0x0000000000f80000)]
  0x000000001b2b0800 JavaThread "Daemon Thread 4" [_thread_blocked, id=10444, stack(0x0000000000d80000,0x0000000000e80000)]
  0x00000000225a1800 JavaThread "Memory manager" [_thread_blocked, id=20188, stack(0x000000002d760000,0x000000002d860000)]
  0x000000001c557000 JavaThread "Cache worker for file content cache (C:\Users\HP\.gradle\caches\6.5\fileContent)" [_thread_blocked, id=6044, stack(0x0000000022030000,0x0000000022130000)]
  0x000000001c554800 JavaThread "Cache worker for execution history cache (C:\Users\HP\.gradle\caches\6.5\executionHistory)" [_thread_blocked, id=8696, stack(0x0000000021b30000,0x0000000021c30000)]
  0x000000001c434000 JavaThread "Cache worker for file hash cache (C:\Users\HP\.gradle\caches\6.5\fileHashes)" [_thread_blocked, id=7420, stack(0x000000001ea00000,0x000000001eb00000)]
  0x000000001c431800 JavaThread "File lock request listener" [_thread_in_native, id=11340, stack(0x000000001e900000,0x000000001ea00000)]
  0x000000001bc4e800 JavaThread "Cache worker for journal cache (C:\Users\HP\.gradle\caches\journal-1)" [_thread_blocked, id=14980, stack(0x000000001e800000,0x000000001e900000)]
  0x000000001c347000 JavaThread "Daemon periodic checks" [_thread_blocked, id=16312, stack(0x000000001db00000,0x000000001dc00000)]
  0x000000001c333800 JavaThread "Incoming local TCP Connector on port 59692" [_thread_in_native, id=16020, stack(0x000000001d8a0000,0x000000001d9a0000)]
  0x000000001c2c4800 JavaThread "Daemon health stats" [_thread_blocked, id=2652, stack(0x000000001d260000,0x000000001d360000)]
  0x0000000019a29000 JavaThread "Service Thread" daemon [_thread_blocked, id=10980, stack(0x000000001a6c0000,0x000000001a7c0000)]
  0x00000000199f7000 JavaThread "C1 CompilerThread3" daemon [_thread_blocked, id=19596, stack(0x000000001a5c0000,0x000000001a6c0000)]
  0x00000000199ec800 JavaThread "C2 CompilerThread2" daemon [_thread_in_native, id=7504, stack(0x000000001a4c0000,0x000000001a5c0000)]
  0x00000000199ea000 JavaThread "C2 CompilerThread1" daemon [_thread_in_native, id=11132, stack(0x000000001a3c0000,0x000000001a4c0000)]
=>0x00000000199e3000 JavaThread "C2 CompilerThread0" daemon [_thread_in_native, id=3600, stack(0x000000001a2c0000,0x000000001a3c0000)]
  0x00000000199e2000 JavaThread "Attach Listener" daemon [_thread_blocked, id=15036, stack(0x000000001a1c0000,0x000000001a2c0000)]
  0x00000000199e1000 JavaThread "Signal Dispatcher" daemon [_thread_blocked, id=18732, stack(0x000000001a0c0000,0x000000001a1c0000)]
  0x00000000199d0800 JavaThread "Finalizer" daemon [_thread_blocked, id=12780, stack(0x0000000019eb0000,0x0000000019fb0000)]
  0x0000000002b58000 JavaThread "Reference Handler" daemon [_thread_blocked, id=6880, stack(0x0000000019db0000,0x0000000019eb0000)]
  0x0000000000b9e800 JavaThread "main" [_thread_blocked, id=13428, stack(0x0000000002960000,0x0000000002a60000)]

Other Threads:
  0x0000000017bc6000 VMThread [stack: 0x00000000198b0000,0x00000000199b0000] [id=16120]
  0x0000000019a2a000 WatcherThread [stack: 0x000000001a7c0000,0x000000001a8c0000] [id=2552]

VM state:not at safepoint (normal execution)

VM Mutex/Monitor currently owned by a thread:  ([mutex/lock_event])
[0x0000000000b9cfe0] SystemDictionary_lock - owner thread: 0x0000000000000000

heap address: 0x0000000080000000, size: 2048 MB, Compressed Oops mode: 32-bit
Narrow klass base: 0x0000000000000000, Narrow klass shift: 3
Compressed class space size: 1073741824 Address: 0x0000000100000000

Heap:
 PSYoungGen      total 645120K, used 228650K [0x00000000d5580000, 0x00000000ffa00000, 0x0000000100000000)
  eden space 604672K, 35% used [0x00000000d5580000,0x00000000e286bd60,0x00000000fa400000)
  from space 40448K, 31% used [0x00000000fd280000,0x00000000fdeded40,0x00000000ffa00000)
  to   space 44032K, 0% used [0x00000000fa400000,0x00000000fa400000,0x00000000fcf00000)
 ParOldGen       total 301568K, used 188481K [0x0000000080000000, 0x0000000092680000, 0x00000000d5580000)
  object space 301568K, 62% used [0x0000000080000000,0x000000008b810670,0x0000000092680000)
 Metaspace       used 140868K, capacity 148460K, committed 148952K, reserved 1177600K
  class space    used 18342K, capacity 19788K, committed 19968K, reserved 1048576K

Card table byte_map: [0x0000000011f20000,0x0000000012330000] byte_map_base: 0x0000000011b20000

Marking Bits: (ParMarkBitMap*) 0x00000000626df030
 Begin Bits: [0x0000000012de0000, 0x0000000014de0000)
 End Bits:   [0x0000000014de0000, 0x0000000016de0000)

Polling page: 0x00000000007d0000

CodeCache: size=245760Kb used=72049Kb max_used=72069Kb free=173710Kb
 bounds [0x0000000002b60000, 0x0000000007240000, 0x0000000011b60000]
 total_blobs=21289 nmethods=20348 adapters=849
 compilation: enabled

Compilation events (10 events):
Event: 1223.608 Thread 0x00000000199f7000 25291       2       com.android.tools.r8.code.f::<init> (8 bytes)
Event: 1223.608 Thread 0x00000000199f7000 nmethod 25291 0x0000000006487590 code [0x0000000006487700, 0x0000000006487868]
Event: 1223.648 Thread 0x00000000199ea000 nmethod 25204 0x0000000007208490 code [0x00000000072092c0, 0x0000000007215ac0]
Event: 1223.654 Thread 0x00000000199ea000 25276       4       java.util.Arrays::equals (78 bytes)
Event: 1223.659 Thread 0x00000000199ea000 nmethod 25276 0x0000000005ca7050 code [0x0000000005ca71a0, 0x0000000005ca72f8]
Event: 1223.662 Thread 0x00000000199ea000 25254       4       java.util.HashMap::get (23 bytes)
Event: 1223.672 Thread 0x00000000199f7000 25292       2       com.android.tools.r8.s.c.f0.e::a (22 bytes)
Event: 1223.673 Thread 0x00000000199ea000 nmethod 25254 0x0000000002eb9a10 code [0x0000000002eb9b80, 0x0000000002eb9e58]
Event: 1223.673 Thread 0x00000000199f7000 nmethod 25292 0x0000000002eb9350 code [0x0000000002eb94c0, 0x0000000002eb9818]
Event: 1223.678 Thread 0x00000000199ea000 25221       4       com.android.tools.r8.s.a.h.e::b (268 bytes)

GC Heap History (10 events):
Event: 1209.669 GC heap before
{Heap before GC invocations=33 (full 5):
 PSYoungGen      total 555008K, used 517052K [0x00000000d5580000, 0x00000000ff680000, 0x0000000100000000)
  eden space 501248K, 100% used [0x00000000d5580000,0x00000000f3f00000,0x00000000f3f00000)
  from space 53760K, 29% used [0x00000000f3f00000,0x00000000f4e6f298,0x00000000f7380000)
  to   space 51200K, 0% used [0x00000000fc480000,0x00000000fc480000,0x00000000ff680000)
 ParOldGen       total 301568K, used 155718K [0x0000000080000000, 0x0000000092680000, 0x00000000d5580000)
  object space 301568K, 51% used [0x0000000080000000,0x0000000089811888,0x0000000092680000)
 Metaspace       used 140620K, capacity 148244K, committed 148696K, reserved 1177600K
  class space    used 18341K, capacity 19788K, committed 19968K, reserved 1048576K
Event: 1209.703 GC heap after
Heap after GC invocations=33 (full 5):
 PSYoungGen      total 629760K, used 4576K [0x00000000d5580000, 0x00000000ff280000, 0x0000000100000000)
  eden space 582656K, 0% used [0x00000000d5580000,0x00000000d5580000,0x00000000f8e80000)
  from space 47104K, 9% used [0x00000000fc480000,0x00000000fc8f8000,0x00000000ff280000)
  to   space 51200K, 0% used [0x00000000f8e80000,0x00000000f8e80000,0x00000000fc080000)
 ParOldGen       total 301568K, used 169141K [0x0000000080000000, 0x0000000092680000, 0x00000000d5580000)
  object space 301568K, 56% used [0x0000000080000000,0x000000008a52d4b8,0x0000000092680000)
 Metaspace       used 140620K, capacity 148244K, committed 148696K, reserved 1177600K
  class space    used 18341K, capacity 19788K, committed 19968K, reserved 1048576K
}
Event: 1212.618 GC heap before
{Heap before GC invocations=34 (full 5):
 PSYoungGen      total 629760K, used 587232K [0x00000000d5580000, 0x00000000ff280000, 0x0000000100000000)
  eden space 582656K, 100% used [0x00000000d5580000,0x00000000f8e80000,0x00000000f8e80000)
  from space 47104K, 9% used [0x00000000fc480000,0x00000000fc8f8000,0x00000000ff280000)
  to   space 51200K, 0% used [0x00000000f8e80000,0x00000000f8e80000,0x00000000fc080000)
 ParOldGen       total 301568K, used 169141K [0x0000000080000000, 0x0000000092680000, 0x00000000d5580000)
  object space 301568K, 56% used [0x0000000080000000,0x000000008a52d4b8,0x0000000092680000)
 Metaspace       used 140708K, capacity 148308K, committed 148952K, reserved 1177600K
  class space    used 18341K, capacity 19788K, committed 19968K, reserved 1048576K
Event: 1212.669 GC heap after
Heap after GC invocations=34 (full 5):
 PSYoungGen      total 633856K, used 9980K [0x00000000d5580000, 0x0000000100000000, 0x0000000100000000)
  eden space 582656K, 0% used [0x00000000d5580000,0x00000000d5580000,0x00000000f8e80000)
  from space 51200K, 19% used [0x00000000f8e80000,0x00000000f983f0d8,0x00000000fc080000)
  to   space 49152K, 0% used [0x00000000fd000000,0x00000000fd000000,0x0000000100000000)
 ParOldGen       total 301568K, used 172249K [0x0000000080000000, 0x0000000092680000, 0x00000000d5580000)
  object space 301568K, 57% used [0x0000000080000000,0x000000008a8364d8,0x0000000092680000)
 Metaspace       used 140708K, capacity 148308K, committed 148952K, reserved 1177600K
  class space    used 18341K, capacity 19788K, committed 19968K, reserved 1048576K
}
Event: 1215.400 GC heap before
{Heap before GC invocations=35 (full 5):
 PSYoungGen      total 633856K, used 592636K [0x00000000d5580000, 0x0000000100000000, 0x0000000100000000)
  eden space 582656K, 100% used [0x00000000d5580000,0x00000000f8e80000,0x00000000f8e80000)
  from space 51200K, 19% used [0x00000000f8e80000,0x00000000f983f0d8,0x00000000fc080000)
  to   space 49152K, 0% used [0x00000000fd000000,0x00000000fd000000,0x0000000100000000)
 ParOldGen       total 301568K, used 172249K [0x0000000080000000, 0x0000000092680000, 0x00000000d5580000)
  object space 301568K, 57% used [0x0000000080000000,0x000000008a8364d8,0x0000000092680000)
 Metaspace       used 140807K, capacity 148376K, committed 148952K, reserved 1177600K
  class space    used 18342K, capacity 19788K, committed 19968K, reserved 1048576K
Event: 1215.460 GC heap after
Heap after GC invocations=35 (full 5):
 PSYoungGen      total 642560K, used 9488K [0x00000000d5580000, 0x00000000ffb00000, 0x0000000100000000)
  eden space 598528K, 0% used [0x00000000d5580000,0x00000000d5580000,0x00000000f9e00000)
  from space 44032K, 21% used [0x00000000fd000000,0x00000000fd944170,0x00000000ffb00000)
  to   space 47616K, 0% used [0x00000000f9e00000,0x00000000f9e00000,0x00000000fcc80000)
 ParOldGen       total 301568K, used 179711K [0x0000000080000000, 0x0000000092680000, 0x00000000d5580000)
  object space 301568K, 59% used [0x0000000080000000,0x000000008af7ffb8,0x0000000092680000)
 Metaspace       used 140807K, capacity 148376K, committed 148952K, reserved 1177600K
  class space    used 18342K, capacity 19788K, committed 19968K, reserved 1048576K
}
Event: 1219.405 GC heap before
{Heap before GC invocations=36 (full 5):
 PSYoungGen      total 642560K, used 608016K [0x00000000d5580000, 0x00000000ffb00000, 0x0000000100000000)
  eden space 598528K, 100% used [0x00000000d5580000,0x00000000f9e00000,0x00000000f9e00000)
  from space 44032K, 21% used [0x00000000fd000000,0x00000000fd944170,0x00000000ffb00000)
  to   space 47616K, 0% used [0x00000000f9e00000,0x00000000f9e00000,0x00000000fcc80000)
 ParOldGen       total 301568K, used 179711K [0x0000000080000000, 0x0000000092680000, 0x00000000d5580000)
  object space 301568K, 59% used [0x0000000080000000,0x000000008af7ffb8,0x0000000092680000)
 Metaspace       used 140834K, capacity 148456K, committed 148952K, reserved 1177600K
  class space    used 18342K, capacity 19788K, committed 19968K, reserved 1048576K
Event: 1219.528 GC heap after
Heap after GC invocations=36 (full 5):
 PSYoungGen      total 646144K, used 7045K [0x00000000d5580000, 0x0000000100000000, 0x0000000100000000)
  eden space 598528K, 0% used [0x00000000d5580000,0x00000000d5580000,0x00000000f9e00000)
  from space 47616K, 14% used [0x00000000f9e00000,0x00000000fa4e1440,0x00000000fcc80000)
  to   space 46592K, 0% used [0x00000000fd280000,0x00000000fd280000,0x0000000100000000)
 ParOldGen       total 301568K, used 185062K [0x0000000080000000, 0x0000000092680000, 0x00000000d5580000)
  object space 301568K, 61% used [0x0000000080000000,0x000000008b4b9b58,0x0000000092680000)
 Metaspace       used 140834K, capacity 148456K, committed 148952K, reserved 1177600K
  class space    used 18342K, capacity 19788K, committed 19968K, reserved 1048576K
}
Event: 1222.397 GC heap before
{Heap before GC invocations=37 (full 5):
 PSYoungGen      total 646144K, used 605573K [0x00000000d5580000, 0x0000000100000000, 0x0000000100000000)
  eden space 598528K, 100% used [0x00000000d5580000,0x00000000f9e00000,0x00000000f9e00000)
  from space 47616K, 14% used [0x00000000f9e00000,0x00000000fa4e1440,0x00000000fcc80000)
  to   space 46592K, 0% used [0x00000000fd280000,0x00000000fd280000,0x0000000100000000)
 ParOldGen       total 301568K, used 185062K [0x0000000080000000, 0x0000000092680000, 0x00000000d5580000)
  object space 301568K, 61% used [0x0000000080000000,0x000000008b4b9b58,0x0000000092680000)
 Metaspace       used 140856K, capacity 148460K, committed 148952K, reserved 1177600K
  class space    used 18342K, capacity 19788K, committed 19968K, reserved 1048576K
Event: 1222.446 GC heap after
Heap after GC invocations=37 (full 5):
 PSYoungGen      total 645120K, used 12667K [0x00000000d5580000, 0x00000000ffa00000, 0x0000000100000000)
  eden space 604672K, 0% used [0x00000000d5580000,0x00000000d5580000,0x00000000fa400000)
  from space 40448K, 31% used [0x00000000fd280000,0x00000000fdeded40,0x00000000ffa00000)
  to   space 44032K, 0% used [0x00000000fa400000,0x00000000fa400000,0x00000000fcf00000)
 ParOldGen       total 301568K, used 188481K [0x0000000080000000, 0x0000000092680000, 0x00000000d5580000)
  object space 301568K, 62% used [0x0000000080000000,0x000000008b810670,0x0000000092680000)
 Metaspace       used 140856K, capacity 148460K, committed 148952K, reserved 1177600K
  class space    used 18342K, capacity 19788K, committed 19968K, reserved 1048576K
}

Deoptimization events (10 events):
Event: 1212.141 Thread 0x000000001b2b4800 Uncommon trap: reason=bimorphic action=maybe_recompile pc=0x0000000006ef3ba4 method=com.android.tools.r8.ir.regalloc.a.i()V @ 387
Event: 1212.423 Thread 0x000000001b2b4800 Uncommon trap: reason=class_check action=maybe_recompile pc=0x0000000006a67668 method=com.android.tools.r8.s.a.h.e.b(Lcom/android/tools/r8/s/b/k0;)V @ 379
Event: 1213.180 Thread 0x000000001b2b8000 Uncommon trap: reason=unstable_if action=reinterpret pc=0x00000000033351dc method=java.util.HashMap.getNode(ILjava/lang/Object;)Ljava/util/HashMap$Node; @ 84
Event: 1213.457 Thread 0x000000001b2b8000 Uncommon trap: reason=unstable_if action=reinterpret pc=0x0000000006fc856c method=com.android.tools.r8.ir.optimize.a0.a(Ljava/util/Map;I)V @ 29
Event: 1214.182 Thread 0x000000001b2b4800 Uncommon trap: reason=class_check action=maybe_recompile pc=0x0000000006a67668 method=com.android.tools.r8.s.a.h.e.b(Lcom/android/tools/r8/s/b/k0;)V @ 379
Event: 1215.531 Thread 0x000000001b2b8000 Uncommon trap: reason=unstable_if action=reinterpret pc=0x0000000006f96958 method=com.android.tools.r8.ir.optimize.g.a(Lcom/android/tools/r8/s/b/o;Lcom/android/tools/r8/s/b/o;)Z @ 121
Event: 1221.043 Thread 0x000000001b2b6000 Uncommon trap: reason=class_check action=maybe_recompile pc=0x0000000006f8beec method=com.android.tools.r8.s.b.q1.Z()I @ 19
Event: 1221.332 Thread 0x000000001b2ad800 Uncommon trap: reason=unstable_if action=reinterpret pc=0x0000000006f0d220 method=com.android.tools.r8.t.a.a.a.f.X$e.contains(Ljava/lang/Object;)Z @ 176
Event: 1223.160 Thread 0x000000002e1f9800 Uncommon trap: reason=unstable_if action=reinterpret pc=0x0000000006658f44 method=com.android.tools.r8.ir.optimize.l.o(Lcom/android/tools/r8/s/b/X;)V @ 177
Event: 1223.382 Thread 0x000000001b2b8000 Uncommon trap: reason=class_check action=maybe_recompile pc=0x0000000007036cb4 method=com.android.tools.r8.ir.optimize.r.a(Lcom/android/tools/r8/s/b/X;Lcom/android/tools/r8/utils/n1;)V @ 302

Classes redefined (0 events):
No events

Internal exceptions (10 events):
Event: 1220.464 Thread 0x000000001b2b4800 Exception <a 'sun/nio/fs/WindowsException'> (0x00000000dea44b58) thrown at [C:\src\AOSP-openjdk-git\hotspot\src\share\vm\prims\jni.cpp, line 710]
Event: 1220.640 Thread 0x000000001b2b8000 Exception <a 'sun/nio/fs/WindowsException'> (0x00000000e3a339e0) thrown at [C:\src\AOSP-openjdk-git\hotspot\src\share\vm\prims\jni.cpp, line 710]
Event: 1220.935 Thread 0x000000001b2b8000 Exception <a 'sun/nio/fs/WindowsException'> (0x00000000e74a4540) thrown at [C:\src\AOSP-openjdk-git\hotspot\src\share\vm\prims\jni.cpp, line 710]
Event: 1221.147 Thread 0x000000001b2b5000 Exception <a 'sun/nio/fs/WindowsException'> (0x00000000eabfb190) thrown at [C:\src\AOSP-openjdk-git\hotspot\src\share\vm\prims\jni.cpp, line 710]
Event: 1221.187 Thread 0x000000001b2b7800 Exception <a 'sun/nio/fs/WindowsException'> (0x00000000eb484c58) thrown at [C:\src\AOSP-openjdk-git\hotspot\src\share\vm\prims\jni.cpp, line 710]
Event: 1221.740 Thread 0x000000001b2b6000 Exception <a 'sun/nio/fs/WindowsException'> (0x00000000f30d5aa0) thrown at [C:\src\AOSP-openjdk-git\hotspot\src\share\vm\prims\jni.cpp, line 710]
Event: 1221.805 Thread 0x000000001b2b4800 Exception <a 'sun/nio/fs/WindowsException'> (0x00000000f31f2ca0) thrown at [C:\src\AOSP-openjdk-git\hotspot\src\share\vm\prims\jni.cpp, line 710]
Event: 1221.995 Thread 0x000000001b2b7800 Exception <a 'sun/nio/fs/WindowsException'> (0x00000000f4eecb00) thrown at [C:\src\AOSP-openjdk-git\hotspot\src\share\vm\prims\jni.cpp, line 710]
Event: 1222.379 Thread 0x000000001b2b7800 Exception <a 'sun/nio/fs/WindowsException'> (0x00000000f9c63048) thrown at [C:\src\AOSP-openjdk-git\hotspot\src\share\vm\prims\jni.cpp, line 710]
Event: 1222.820 Thread 0x000000001b2ad800 Exception <a 'sun/nio/fs/WindowsException'> (0x00000000d99967e0) thrown at [C:\src\AOSP-openjdk-git\hotspot\src\share\vm\prims\jni.cpp, line 710]

Events (10 events):
Event: 1223.642 Thread 0x000000002e1f9800 DEOPT UNPACKING pc=0x0000000002ba71d0 sp=0x0000000020c2a098 mode 0
Event: 1223.654 Thread 0x00000000199ea000 flushing nmethod 0x0000000002eb9150
Event: 1223.659 Thread 0x00000000199ea000 flushing nmethod 0x0000000002f18610
Event: 1223.660 Thread 0x00000000199ea000 flushing nmethod 0x0000000003064b50
Event: 1223.661 Thread 0x00000000199ea000 flushing nmethod 0x0000000003117010
Event: 1223.675 Thread 0x00000000199ea000 flushing nmethod 0x0000000003268510
Event: 1223.675 Thread 0x00000000199ea000 flushing nmethod 0x0000000003268d90
Event: 1223.677 Thread 0x00000000199ea000 flushing nmethod 0x0000000003369f50
Event: 1223.677 Thread 0x00000000199ea000 flushing nmethod 0x000000000337c6d0
Event: 1223.678 Thread 0x00000000199ea000 flushing nmethod 0x00000000034e5790


Dynamic libraries:
0x00007ff6f4ae0000 - 0x00007ff6f4b11000 	C:\Program-Files\Android\Android Studio\jre\bin\java.exe
0x00007ffc2c600000 - 0x00007ffc2c7f0000 	C:\WINDOWS\SYSTEM32\ntdll.dll
0x00007ffc2a910000 - 0x00007ffc2a9c2000 	C:\WINDOWS\System32\KERNEL32.DLL
0x00007ffc2a040000 - 0x00007ffc2a2e5000 	C:\WINDOWS\System32\KERNELBASE.dll
0x00007ffc2b1d0000 - 0x00007ffc2b273000 	C:\WINDOWS\System32\ADVAPI32.dll
0x00007ffc2c090000 - 0x00007ffc2c12e000 	C:\WINDOWS\System32\msvcrt.dll
0x00007ffc2b830000 - 0x00007ffc2b8c7000 	C:\WINDOWS\System32\sechost.dll
0x00007ffc2a7f0000 - 0x00007ffc2a910000 	C:\WINDOWS\System32\RPCRT4.dll
0x00007ffc2b5c0000 - 0x00007ffc2b754000 	C:\WINDOWS\System32\USER32.dll
0x00007ffc2a4f0000 - 0x00007ffc2a511000 	C:\WINDOWS\System32\win32u.dll
0x00007ffc2b1a0000 - 0x00007ffc2b1c6000 	C:\WINDOWS\System32\GDI32.dll
0x00007ffc29e70000 - 0x00007ffc2a006000 	C:\WINDOWS\System32\gdi32full.dll
0x00007ffc2a610000 - 0x00007ffc2a6ae000 	C:\WINDOWS\System32\msvcp_win.dll
0x00007ffc295c0000 - 0x00007ffc296ba000 	C:\WINDOWS\System32\ucrtbase.dll
0x00007ffc0fe20000 - 0x00007ffc100a4000 	C:\WINDOWS\WinSxS\amd64_microsoft.windows.common-controls_6595b64144ccf1df_6.0.18362.1256_none_9e7e379be45e40e2\COMCTL32.dll
0x00007ffc2c280000 - 0x00007ffc2c5b6000 	C:\WINDOWS\System32\combase.dll
0x00007ffc2a520000 - 0x00007ffc2a5a1000 	C:\WINDOWS\System32\bcryptPrimitives.dll
0x00007ffc2beb0000 - 0x00007ffc2bede000 	C:\WINDOWS\System32\IMM32.DLL
0x00000000614e0000 - 0x00000000615b2000 	C:\Program-Files\Android\Android Studio\jre\jre\bin\msvcr100.dll
0x0000000061f10000 - 0x000000006275b000 	C:\Program-Files\Android\Android Studio\jre\jre\bin\server\jvm.dll
0x00007ffc2bd40000 - 0x00007ffc2bd48000 	C:\WINDOWS\System32\PSAPI.DLL
0x00007ffc08060000 - 0x00007ffc08069000 	C:\WINDOWS\SYSTEM32\WSOCK32.dll
0x00007ffc28550000 - 0x00007ffc2855a000 	C:\WINDOWS\SYSTEM32\VERSION.dll
0x00007ffc26e40000 - 0x00007ffc26e64000 	C:\WINDOWS\SYSTEM32\WINMM.dll
0x00007ffc2b7c0000 - 0x00007ffc2b82f000 	C:\WINDOWS\System32\WS2_32.dll
0x00007ffc26e10000 - 0x00007ffc26e3d000 	C:\WINDOWS\SYSTEM32\winmmbase.dll
0x00007ffc29570000 - 0x00007ffc295ba000 	C:\WINDOWS\System32\cfgmgr32.dll
0x00007ffc25720000 - 0x00007ffc2572f000 	C:\Program-Files\Android\Android Studio\jre\jre\bin\verify.dll
0x00007ffc18100000 - 0x00007ffc18129000 	C:\Program-Files\Android\Android Studio\jre\jre\bin\java.dll
0x00007ffc01da0000 - 0x00007ffc01db6000 	C:\Program-Files\Android\Android Studio\jre\jre\bin\zip.dll
0x00007ffc2aab0000 - 0x00007ffc2b197000 	C:\WINDOWS\System32\SHELL32.dll
0x00007ffc2b280000 - 0x00007ffc2b329000 	C:\WINDOWS\System32\shcore.dll
0x00007ffc296e0000 - 0x00007ffc29e61000 	C:\WINDOWS\System32\windows.storage.dll
0x00007ffc294b0000 - 0x00007ffc294d3000 	C:\WINDOWS\System32\profapi.dll
0x00007ffc294e0000 - 0x00007ffc2952a000 	C:\WINDOWS\System32\powrprof.dll
0x00007ffc294a0000 - 0x00007ffc294b0000 	C:\WINDOWS\System32\UMPDC.dll
0x00007ffc2a9d0000 - 0x00007ffc2aa22000 	C:\WINDOWS\System32\shlwapi.dll
0x00007ffc29530000 - 0x00007ffc29541000 	C:\WINDOWS\System32\kernel.appcore.dll
0x00007ffc296c0000 - 0x00007ffc296d7000 	C:\WINDOWS\System32\cryptsp.dll
0x00007ffc01d80000 - 0x00007ffc01d9a000 	C:\Program-Files\Android\Android Studio\jre\jre\bin\net.dll
0x00007ffc28c50000 - 0x00007ffc28cb7000 	C:\WINDOWS\system32\mswsock.dll
0x00007ffc01d60000 - 0x00007ffc01d73000 	C:\Program-Files\Android\Android Studio\jre\jre\bin\nio.dll
0x00007ffbedd80000 - 0x00007ffbedda7000 	C:\Users\HP\.gradle\native\f6784746aeab05261644944871eae4fe03e0ef1612fff0a4a95f87b438bc6780\windows-amd64\native-platform.dll
0x00007ffc181a0000 - 0x00007ffc181ad000 	C:\Program-Files\Android\Android Studio\jre\jre\bin\management.dll
0x00007ffc287c0000 - 0x00007ffc287f3000 	C:\WINDOWS\system32\rsaenh.dll
0x00007ffc2a010000 - 0x00007ffc2a036000 	C:\WINDOWS\System32\bcrypt.dll
0x00007ffc29380000 - 0x00007ffc293a5000 	C:\WINDOWS\SYSTEM32\USERENV.dll
0x00007ffc28e10000 - 0x00007ffc28e1c000 	C:\WINDOWS\SYSTEM32\CRYPTBASE.dll
0x00007ffc28970000 - 0x00007ffc289aa000 	C:\WINDOWS\SYSTEM32\IPHLPAPI.DLL
0x00007ffc2a760000 - 0x00007ffc2a768000 	C:\WINDOWS\System32\NSI.dll
0x00007ffc27210000 - 0x00007ffc27226000 	C:\WINDOWS\SYSTEM32\dhcpcsvc6.DLL
0x00007ffc271f0000 - 0x00007ffc2720c000 	C:\WINDOWS\SYSTEM32\dhcpcsvc.DLL
0x00007ffc289b0000 - 0x00007ffc28a7b000 	C:\WINDOWS\SYSTEM32\DNSAPI.dll
0x00007ffc254b0000 - 0x00007ffc254bb000 	C:\WINDOWS\SYSTEM32\WINNSI.DLL
0x00007ffc01b80000 - 0x00007ffc01ba4000 	C:\Program-Files\Android\Android Studio\jre\jre\bin\sunec.dll
0x00007ffc13fb0000 - 0x00007ffc13fba000 	C:\Windows\System32\rasadhlp.dll
0x00007ffc253d0000 - 0x00007ffc25447000 	C:\WINDOWS\System32\fwpuclnt.dll
0x00007ffc13c30000 - 0x00007ffc13c3b000 	C:\Program-Files\Android\Android Studio\jre\jre\bin\sunmscapi.dll
0x00007ffc2a2f0000 - 0x00007ffc2a439000 	C:\WINDOWS\System32\CRYPT32.dll
0x00007ffc29550000 - 0x00007ffc29562000 	C:\WINDOWS\System32\MSASN1.dll
0x00007ffc28390000 - 0x00007ffc283c1000 	C:\WINDOWS\SYSTEM32\ntmarta.dll
0x00007ffc26f50000 - 0x00007ffc26fdf000 	C:\WINDOWS\system32\apphelp.dll

VM Arguments:
jvm_args: -Xmx2048m -Dfile.encoding=UTF-8 -Duser.country=PL -Duser.language=pl -Duser.variant 
java_command: org.gradle.launcher.daemon.bootstrap.GradleDaemon 6.5
java_class_path (initial): C:\Users\HP\.gradle\wrapper\dists\gradle-6.5-bin\6nifqtx7604sqp1q6g8wikw7p\gradle-6.5\lib\gradle-launcher-6.5.jar
Launcher Type: SUN_STANDARD

Environment Variables:
PATH="C:\Users\HP\AppData\Local\Programs\Python\Python38;C:\Users\HP\AppData\Local\Programs\Python\Python38\Scripts";C:\Program Files\PostgreSQL\13\bin\;C:\WINDOWS\system32;C:\WINDOWS;C:\WINDOWS\System32\Wbem;C:\WINDOWS\System32\WindowsPowerShell\v1.0\;C:\Program Files (x86)\NoteBook FanControl\;C:\WINDOWS\System32\OpenSSH\;C:\Program Files\Java\jdk-14.0.1\bin;C:\Program Files\Java\jdk-14.0.1\bin;C:\Program Files\dotnet\;C:\Program Files\Microsoft SQL Server\130\Tools\Binn\;C:\Program Files\Microsoft SQL Server\Client SDK\ODBC\170\Tools\Binn\;C:\Program Files (x86)\Microsoft Group Policy\Windows 10 May 2020 Update (2004)\PolicyDefinitions\;C:\Program Files\Git\cmd;C:\Users\HP\AppData\Local\Programs\Python\Python38;C:\Users\HP\AppData\Local\Programs\Python\Python38\Scripts;C:\Users\HP\AppData\Local\Programs\Microsoft VS Code\bin;C:\Users\HP\.dotnet\tools;C:\Program Files\PostgreSQL\13\bin;
USERNAME=HP
OS=Windows_NT
PROCESSOR_IDENTIFIER=AMD64 Family 23 Model 17 Stepping 0, AuthenticAMD



---------------  S Y S T E M  ---------------

OS: Windows 10.0 , 64 bit Build 18362 (10.0.18362.1110)

CPU:total 8 (initial active 8) (8 cores per cpu, 1 threads per core) family 23 model 17 stepping 0, cmov, cx8, fxsr, mmx, sse, sse2, sse3, ssse3, sse4.1, sse4.2, popcnt, avx, avx2, aes, clmul, mmxext, 3dnowpref, lzcnt, sse4a, tsc, tscinvbit, tscinv, bmi1

Memory: 4k page, physical 7294768k(182372k free), swap 19877680k(7404k free)

vm_info: OpenJDK 64-Bit Server VM (25.242-b01) for windows-amd64 JRE (1.8.0_242-release-1644-b01), built by "builder" with MS VC++ 10.0 (VS2010)

time: Sun Jan 03 23:29:00 2021
timezone: rodkowoeuropejski czas stand.
elapsed time: 1223 seconds (0d 0h 20m 23s)

